#
# There is insufficient memory for the Java Runtime Environment to continue.
# Native memory allocation (malloc) failed to allocate 1067632 bytes for Chunk::new
# Possible reasons:
#   The system is out of physical RAM or swap space
#   The process is running with CompressedOops enabled, and the Java Heap may be blocking the growth of the native heap
# Possible solutions:
#   Reduce memory load on the system
#   Increase physical memory or swap space
#   Check if swap backing store is full
#   Decrease Java heap size (-Xmx/-Xms)
#   Decrease number of Java threads
#   Decrease Java thread stack sizes (-Xss)
#   Set larger code cache with -XX:ReservedCodeCacheSize=
#   JVM is running with Zero Based Compressed Oops mode in which the Java heap is
#     placed in the first 32GB address space. The Java Heap base address is the
#     maximum limit for the native heap growth. Please use -XX:HeapBaseMinAddress
#     to set the Java Heap base and to place the Java Heap above 32GB virtual address.
# This output file may be truncated or incomplete.
#
#  Out of Memory Error (arena.cpp:191), pid=18336, tid=9140
#
# JRE version: OpenJDK Runtime Environment OpenLogic-OpenJDK (17.0.9+9) (build 17.0.9+9-adhoc..jdk17u)
# Java VM: OpenJDK 64-Bit Server VM OpenLogic-OpenJDK (17.0.9+9-adhoc..jdk17u, mixed mode, sharing, tiered, compressed oops, compressed class ptrs, g1 gc, windows-amd64)
# No core dump will be written. Minidumps are not enabled by default on client versions of Windows
#

---------------  S U M M A R Y ------------

Command Line: -javaagent:C:\Program Files\JetBrains\IntelliJ IDEA Community Edition 2023.3.2\lib\idea_rt.jar=60583:C:\Program Files\JetBrains\IntelliJ IDEA Community Edition 2023.3.2\bin -Dfile.encoding=UTF-8 com.example.Ejercicio_0_clase_7.Ejercicio0Clase7Application

Host: Intel(R) Celeron(R) G5925 CPU @ 3.60GHz, 2 cores, 15G,  Windows 11 , 64 bit Build 22621 (10.0.22621.2506)
Time: Thu Feb  1 16:28:37 2024 Hora estándar romance elapsed time: 1.530230 seconds (0d 0h 0m 1s)

---------------  T H R E A D  ---------------

Current thread (0x00000263e725b610):  JavaThread "C2 CompilerThread0" daemon [_thread_in_native, id=9140, stack(0x000000f32bf00000,0x000000f32c000000)]


Current CompileTask:
C2:   1530 1716       4       jdk.internal.org.objectweb.asm.Frame::execute (2305 bytes)

Stack: [0x000000f32bf00000,0x000000f32c000000]
Native frames: (J=compiled Java code, j=interpreted, Vv=VM code, C=native code)
V  [jvm.dll+0x67cf49]
V  [jvm.dll+0x83478a]
V  [jvm.dll+0x83624e]
V  [jvm.dll+0x8368b3]
V  [jvm.dll+0x247f1f]
V  [jvm.dll+0xac43c]
V  [jvm.dll+0xaca8c]
V  [jvm.dll+0x367067]
V  [jvm.dll+0x1bd536]
V  [jvm.dll+0x21a709]
V  [jvm.dll+0x2199d1]
V  [jvm.dll+0x1a57cd]
V  [jvm.dll+0x2297ae]
V  [jvm.dll+0x22797c]
V  [jvm.dll+0x7e9877]
V  [jvm.dll+0x7e3c3a]
V  [jvm.dll+0x67be35]
C  [ucrtbase.dll+0x29363]
C  [KERNEL32.DLL+0x1257d]
C  [ntdll.dll+0x5aa58]


---------------  P R O C E S S  ---------------

Threads class SMR info:
_java_thread_list=0x00000263e7e2c5a0, length=16, elements={
0x00000263c1d11ea0, 0x00000263e72455b0, 0x00000263e7246430, 0x00000263e72557b0,
0x00000263e72574e0, 0x00000263e7259eb0, 0x00000263e725a870, 0x00000263e725b610,
0x00000263e726df40, 0x00000263e740ef70, 0x00000263e722d720, 0x00000263e76ce980,
0x00000263e773f690, 0x00000263e7cd3b10, 0x00000263e7cd4470, 0x00000263ec1c50a0
}

Java Threads: ( => current thread )
  0x00000263c1d11ea0 JavaThread "main" [_thread_blocked, id=7232, stack(0x000000f32b200000,0x000000f32b300000)]
  0x00000263e72455b0 JavaThread "Reference Handler" daemon [_thread_blocked, id=5304, stack(0x000000f32b900000,0x000000f32ba00000)]
  0x00000263e7246430 JavaThread "Finalizer" daemon [_thread_blocked, id=10132, stack(0x000000f32ba00000,0x000000f32bb00000)]
  0x00000263e72557b0 JavaThread "Signal Dispatcher" daemon [_thread_blocked, id=20104, stack(0x000000f32bb00000,0x000000f32bc00000)]
  0x00000263e72574e0 JavaThread "Attach Listener" daemon [_thread_blocked, id=16748, stack(0x000000f32bc00000,0x000000f32bd00000)]
  0x00000263e7259eb0 JavaThread "Service Thread" daemon [_thread_blocked, id=10096, stack(0x000000f32bd00000,0x000000f32be00000)]
  0x00000263e725a870 JavaThread "Monitor Deflation Thread" daemon [_thread_blocked, id=3748, stack(0x000000f32be00000,0x000000f32bf00000)]
=>0x00000263e725b610 JavaThread "C2 CompilerThread0" daemon [_thread_in_native, id=9140, stack(0x000000f32bf00000,0x000000f32c000000)]
  0x00000263e726df40 JavaThread "C1 CompilerThread0" daemon [_thread_blocked, id=8700, stack(0x000000f32c000000,0x000000f32c100000)]
  0x00000263e740ef70 JavaThread "Sweeper thread" daemon [_thread_blocked, id=11108, stack(0x000000f32c100000,0x000000f32c200000)]
  0x00000263e722d720 JavaThread "Common-Cleaner" daemon [_thread_blocked, id=19056, stack(0x000000f32c200000,0x000000f32c300000)]
  0x00000263e76ce980 JavaThread "Monitor Ctrl-Break" daemon [_thread_in_native, id=1384, stack(0x000000f32c300000,0x000000f32c400000)]
  0x00000263e773f690 JavaThread "Notification Thread" daemon [_thread_blocked, id=11384, stack(0x000000f32c400000,0x000000f32c500000)]
  0x00000263e7cd3b10 JavaThread "Thread-0" [_thread_blocked, id=4676, stack(0x000000f32c700000,0x000000f32c800000)]
  0x00000263e7cd4470 JavaThread "restartedMain" [_thread_in_native, id=5988, stack(0x000000f32c800000,0x000000f32c900000)]
  0x00000263ec1c50a0 JavaThread "background-preinit" [_thread_in_vm, id=10252, stack(0x000000f32c900000,0x000000f32ca00000)]

Other Threads:
  0x00000263e723fef0 VMThread "VM Thread" [stack: 0x000000f32b800000,0x000000f32b900000] [id=9040]
  0x00000263e773fb70 WatcherThread [stack: 0x000000f32c500000,0x000000f32c600000] [id=17476]
  0x00000263c1d7b900 GCTaskThread "GC Thread#0" [stack: 0x000000f32b300000,0x000000f32b400000] [id=4260]
  0x00000263e7c604e0 GCTaskThread "GC Thread#1" [stack: 0x000000f32c600000,0x000000f32c700000] [id=11780]
  0x00000263c1d8c5d0 ConcurrentGCThread "G1 Main Marker" [stack: 0x000000f32b400000,0x000000f32b500000] [id=17508]
  0x00000263c1d8cff0 ConcurrentGCThread "G1 Conc#0" [stack: 0x000000f32b500000,0x000000f32b600000] [id=11872]
  0x00000263c1dbd8d0 ConcurrentGCThread "G1 Refine#0" [stack: 0x000000f32b600000,0x000000f32b700000] [id=18928]
  0x00000263c1dbeaa0 ConcurrentGCThread "G1 Service" [stack: 0x000000f32b700000,0x000000f32b800000] [id=4664]

Threads with active compile tasks:
C2 CompilerThread0     1539 1716       4       jdk.internal.org.objectweb.asm.Frame::execute (2305 bytes)

VM state: not at safepoint (normal execution)

VM Mutex/Monitor currently owned by a thread: None

Heap address: 0x0000000702800000, size: 4056 MB, Compressed Oops mode: Zero based, Oop shift amount: 3

CDS archive(s) mapped at: [0x0000026380000000-0x0000026380bb0000-0x0000026380bb0000), size 12255232, SharedBaseAddress: 0x0000026380000000, ArchiveRelocationMode: 1.
Compressed class space mapped at: 0x0000026381000000-0x00000263c1000000, reserved size: 1073741824
Narrow klass base: 0x0000026380000000, Narrow klass shift: 0, Narrow klass range: 0x100000000

GC Precious Log:
 CPUs: 2 total, 2 available
 Memory: 16223M
 Large Page Support: Disabled
 NUMA Support: Disabled
 Compressed Oops: Enabled (Zero based)
 Heap Region Size: 2M
 Heap Min Capacity: 8M
 Heap Initial Capacity: 254M
 Heap Max Capacity: 4056M
 Pre-touch: Disabled
 Parallel Workers: 2
 Concurrent Workers: 1
 Concurrent Refinement Workers: 2
 Periodic GC: Disabled

Heap:
 garbage-first heap   total 260096K, used 17964K [0x0000000702800000, 0x0000000800000000)
  region size 2048K, 8 young (16384K), 1 survivors (2048K)
 Metaspace       used 12712K, committed 12992K, reserved 1114112K
  class space    used 1504K, committed 1664K, reserved 1048576K

Heap Regions: E=young(eden), S=young(survivor), O=old, HS=humongous(starts), HC=humongous(continues), CS=collection set, F=free, OA=open archive, CA=closed archive, TAMS=top-at-mark-start (previous, next)
|   0|0x0000000702800000, 0x0000000702a00000, 0x0000000702a00000|100%| O|  |TAMS 0x0000000702800000, 0x0000000702800000| Untracked 
|   1|0x0000000702a00000, 0x0000000702b8b000, 0x0000000702c00000| 77%| O|  |TAMS 0x0000000702a00000, 0x0000000702a00000| Untracked 
|   2|0x0000000702c00000, 0x0000000702c00000, 0x0000000702e00000|  0%| F|  |TAMS 0x0000000702c00000, 0x0000000702c00000| Untracked 
|   3|0x0000000702e00000, 0x0000000702e00000, 0x0000000703000000|  0%| F|  |TAMS 0x0000000702e00000, 0x0000000702e00000| Untracked 
|   4|0x0000000703000000, 0x0000000703000000, 0x0000000703200000|  0%| F|  |TAMS 0x0000000703000000, 0x0000000703000000| Untracked 
|   5|0x0000000703200000, 0x0000000703200000, 0x0000000703400000|  0%| F|  |TAMS 0x0000000703200000, 0x0000000703200000| Untracked 
|   6|0x0000000703400000, 0x0000000703400000, 0x0000000703600000|  0%| F|  |TAMS 0x0000000703400000, 0x0000000703400000| Untracked 
|   7|0x0000000703600000, 0x0000000703600000, 0x0000000703800000|  0%| F|  |TAMS 0x0000000703600000, 0x0000000703600000| Untracked 
|   8|0x0000000703800000, 0x0000000703800000, 0x0000000703a00000|  0%| F|  |TAMS 0x0000000703800000, 0x0000000703800000| Untracked 
|   9|0x0000000703a00000, 0x0000000703a00000, 0x0000000703c00000|  0%| F|  |TAMS 0x0000000703a00000, 0x0000000703a00000| Untracked 
|  10|0x0000000703c00000, 0x0000000703c00000, 0x0000000703e00000|  0%| F|  |TAMS 0x0000000703c00000, 0x0000000703c00000| Untracked 
|  11|0x0000000703e00000, 0x0000000703e00000, 0x0000000704000000|  0%| F|  |TAMS 0x0000000703e00000, 0x0000000703e00000| Untracked 
|  12|0x0000000704000000, 0x0000000704000000, 0x0000000704200000|  0%| F|  |TAMS 0x0000000704000000, 0x0000000704000000| Untracked 
|  13|0x0000000704200000, 0x0000000704200000, 0x0000000704400000|  0%| F|  |TAMS 0x0000000704200000, 0x0000000704200000| Untracked 
|  14|0x0000000704400000, 0x0000000704400000, 0x0000000704600000|  0%| F|  |TAMS 0x0000000704400000, 0x0000000704400000| Untracked 
|  15|0x0000000704600000, 0x0000000704600000, 0x0000000704800000|  0%| F|  |TAMS 0x0000000704600000, 0x0000000704600000| Untracked 
|  16|0x0000000704800000, 0x0000000704800000, 0x0000000704a00000|  0%| F|  |TAMS 0x0000000704800000, 0x0000000704800000| Untracked 
|  17|0x0000000704a00000, 0x0000000704a00000, 0x0000000704c00000|  0%| F|  |TAMS 0x0000000704a00000, 0x0000000704a00000| Untracked 
|  18|0x0000000704c00000, 0x0000000704c00000, 0x0000000704e00000|  0%| F|  |TAMS 0x0000000704c00000, 0x0000000704c00000| Untracked 
|  19|0x0000000704e00000, 0x0000000704e00000, 0x0000000705000000|  0%| F|  |TAMS 0x0000000704e00000, 0x0000000704e00000| Untracked 
|  20|0x0000000705000000, 0x0000000705000000, 0x0000000705200000|  0%| F|  |TAMS 0x0000000705000000, 0x0000000705000000| Untracked 
|  21|0x0000000705200000, 0x0000000705200000, 0x0000000705400000|  0%| F|  |TAMS 0x0000000705200000, 0x0000000705200000| Untracked 
|  22|0x0000000705400000, 0x0000000705400000, 0x0000000705600000|  0%| F|  |TAMS 0x0000000705400000, 0x0000000705400000| Untracked 
|  23|0x0000000705600000, 0x0000000705600000, 0x0000000705800000|  0%| F|  |TAMS 0x0000000705600000, 0x0000000705600000| Untracked 
|  24|0x0000000705800000, 0x0000000705800000, 0x0000000705a00000|  0%| F|  |TAMS 0x0000000705800000, 0x0000000705800000| Untracked 
|  25|0x0000000705a00000, 0x0000000705a00000, 0x0000000705c00000|  0%| F|  |TAMS 0x0000000705a00000, 0x0000000705a00000| Untracked 
|  26|0x0000000705c00000, 0x0000000705c00000, 0x0000000705e00000|  0%| F|  |TAMS 0x0000000705c00000, 0x0000000705c00000| Untracked 
|  27|0x0000000705e00000, 0x0000000705e00000, 0x0000000706000000|  0%| F|  |TAMS 0x0000000705e00000, 0x0000000705e00000| Untracked 
|  28|0x0000000706000000, 0x0000000706000000, 0x0000000706200000|  0%| F|  |TAMS 0x0000000706000000, 0x0000000706000000| Untracked 
|  29|0x0000000706200000, 0x0000000706200000, 0x0000000706400000|  0%| F|  |TAMS 0x0000000706200000, 0x0000000706200000| Untracked 
|  30|0x0000000706400000, 0x0000000706400000, 0x0000000706600000|  0%| F|  |TAMS 0x0000000706400000, 0x0000000706400000| Untracked 
|  31|0x0000000706600000, 0x0000000706600000, 0x0000000706800000|  0%| F|  |TAMS 0x0000000706600000, 0x0000000706600000| Untracked 
|  32|0x0000000706800000, 0x0000000706800000, 0x0000000706a00000|  0%| F|  |TAMS 0x0000000706800000, 0x0000000706800000| Untracked 
|  33|0x0000000706a00000, 0x0000000706a00000, 0x0000000706c00000|  0%| F|  |TAMS 0x0000000706a00000, 0x0000000706a00000| Untracked 
|  34|0x0000000706c00000, 0x0000000706c00000, 0x0000000706e00000|  0%| F|  |TAMS 0x0000000706c00000, 0x0000000706c00000| Untracked 
|  35|0x0000000706e00000, 0x0000000706e00000, 0x0000000707000000|  0%| F|  |TAMS 0x0000000706e00000, 0x0000000706e00000| Untracked 
|  36|0x0000000707000000, 0x0000000707000000, 0x0000000707200000|  0%| F|  |TAMS 0x0000000707000000, 0x0000000707000000| Untracked 
|  37|0x0000000707200000, 0x0000000707200000, 0x0000000707400000|  0%| F|  |TAMS 0x0000000707200000, 0x0000000707200000| Untracked 
|  38|0x0000000707400000, 0x0000000707400000, 0x0000000707600000|  0%| F|  |TAMS 0x0000000707400000, 0x0000000707400000| Untracked 
|  39|0x0000000707600000, 0x0000000707600000, 0x0000000707800000|  0%| F|  |TAMS 0x0000000707600000, 0x0000000707600000| Untracked 
|  40|0x0000000707800000, 0x0000000707800000, 0x0000000707a00000|  0%| F|  |TAMS 0x0000000707800000, 0x0000000707800000| Untracked 
|  41|0x0000000707a00000, 0x0000000707a00000, 0x0000000707c00000|  0%| F|  |TAMS 0x0000000707a00000, 0x0000000707a00000| Untracked 
|  42|0x0000000707c00000, 0x0000000707c00000, 0x0000000707e00000|  0%| F|  |TAMS 0x0000000707c00000, 0x0000000707c00000| Untracked 
|  43|0x0000000707e00000, 0x0000000707e00000, 0x0000000708000000|  0%| F|  |TAMS 0x0000000707e00000, 0x0000000707e00000| Untracked 
|  44|0x0000000708000000, 0x0000000708000000, 0x0000000708200000|  0%| F|  |TAMS 0x0000000708000000, 0x0000000708000000| Untracked 
|  45|0x0000000708200000, 0x0000000708200000, 0x0000000708400000|  0%| F|  |TAMS 0x0000000708200000, 0x0000000708200000| Untracked 
|  46|0x0000000708400000, 0x0000000708400000, 0x0000000708600000|  0%| F|  |TAMS 0x0000000708400000, 0x0000000708400000| Untracked 
|  47|0x0000000708600000, 0x0000000708600000, 0x0000000708800000|  0%| F|  |TAMS 0x0000000708600000, 0x0000000708600000| Untracked 
|  48|0x0000000708800000, 0x0000000708800000, 0x0000000708a00000|  0%| F|  |TAMS 0x0000000708800000, 0x0000000708800000| Untracked 
|  49|0x0000000708a00000, 0x0000000708a00000, 0x0000000708c00000|  0%| F|  |TAMS 0x0000000708a00000, 0x0000000708a00000| Untracked 
|  50|0x0000000708c00000, 0x0000000708c00000, 0x0000000708e00000|  0%| F|  |TAMS 0x0000000708c00000, 0x0000000708c00000| Untracked 
|  51|0x0000000708e00000, 0x0000000708e00000, 0x0000000709000000|  0%| F|  |TAMS 0x0000000708e00000, 0x0000000708e00000| Untracked 
|  52|0x0000000709000000, 0x0000000709000000, 0x0000000709200000|  0%| F|  |TAMS 0x0000000709000000, 0x0000000709000000| Untracked 
|  53|0x0000000709200000, 0x0000000709200000, 0x0000000709400000|  0%| F|  |TAMS 0x0000000709200000, 0x0000000709200000| Untracked 
|  54|0x0000000709400000, 0x0000000709400000, 0x0000000709600000|  0%| F|  |TAMS 0x0000000709400000, 0x0000000709400000| Untracked 
|  55|0x0000000709600000, 0x0000000709600000, 0x0000000709800000|  0%| F|  |TAMS 0x0000000709600000, 0x0000000709600000| Untracked 
|  56|0x0000000709800000, 0x0000000709800000, 0x0000000709a00000|  0%| F|  |TAMS 0x0000000709800000, 0x0000000709800000| Untracked 
|  57|0x0000000709a00000, 0x0000000709a00000, 0x0000000709c00000|  0%| F|  |TAMS 0x0000000709a00000, 0x0000000709a00000| Untracked 
|  58|0x0000000709c00000, 0x0000000709c00000, 0x0000000709e00000|  0%| F|  |TAMS 0x0000000709c00000, 0x0000000709c00000| Untracked 
|  59|0x0000000709e00000, 0x0000000709e00000, 0x000000070a000000|  0%| F|  |TAMS 0x0000000709e00000, 0x0000000709e00000| Untracked 
|  60|0x000000070a000000, 0x000000070a000000, 0x000000070a200000|  0%| F|  |TAMS 0x000000070a000000, 0x000000070a000000| Untracked 
|  61|0x000000070a200000, 0x000000070a200000, 0x000000070a400000|  0%| F|  |TAMS 0x000000070a200000, 0x000000070a200000| Untracked 
|  62|0x000000070a400000, 0x000000070a400000, 0x000000070a600000|  0%| F|  |TAMS 0x000000070a400000, 0x000000070a400000| Untracked 
|  63|0x000000070a600000, 0x000000070a600000, 0x000000070a800000|  0%| F|  |TAMS 0x000000070a600000, 0x000000070a600000| Untracked 
|  64|0x000000070a800000, 0x000000070a800000, 0x000000070aa00000|  0%| F|  |TAMS 0x000000070a800000, 0x000000070a800000| Untracked 
|  65|0x000000070aa00000, 0x000000070aa00000, 0x000000070ac00000|  0%| F|  |TAMS 0x000000070aa00000, 0x000000070aa00000| Untracked 
|  66|0x000000070ac00000, 0x000000070ac00000, 0x000000070ae00000|  0%| F|  |TAMS 0x000000070ac00000, 0x000000070ac00000| Untracked 
|  67|0x000000070ae00000, 0x000000070ae00000, 0x000000070b000000|  0%| F|  |TAMS 0x000000070ae00000, 0x000000070ae00000| Untracked 
|  68|0x000000070b000000, 0x000000070b000000, 0x000000070b200000|  0%| F|  |TAMS 0x000000070b000000, 0x000000070b000000| Untracked 
|  69|0x000000070b200000, 0x000000070b200000, 0x000000070b400000|  0%| F|  |TAMS 0x000000070b200000, 0x000000070b200000| Untracked 
|  70|0x000000070b400000, 0x000000070b400000, 0x000000070b600000|  0%| F|  |TAMS 0x000000070b400000, 0x000000070b400000| Untracked 
|  71|0x000000070b600000, 0x000000070b600000, 0x000000070b800000|  0%| F|  |TAMS 0x000000070b600000, 0x000000070b600000| Untracked 
|  72|0x000000070b800000, 0x000000070b800000, 0x000000070ba00000|  0%| F|  |TAMS 0x000000070b800000, 0x000000070b800000| Untracked 
|  73|0x000000070ba00000, 0x000000070ba00000, 0x000000070bc00000|  0%| F|  |TAMS 0x000000070ba00000, 0x000000070ba00000| Untracked 
|  74|0x000000070bc00000, 0x000000070bc00000, 0x000000070be00000|  0%| F|  |TAMS 0x000000070bc00000, 0x000000070bc00000| Untracked 
|  75|0x000000070be00000, 0x000000070be00000, 0x000000070c000000|  0%| F|  |TAMS 0x000000070be00000, 0x000000070be00000| Untracked 
|  76|0x000000070c000000, 0x000000070c000000, 0x000000070c200000|  0%| F|  |TAMS 0x000000070c000000, 0x000000070c000000| Untracked 
|  77|0x000000070c200000, 0x000000070c200000, 0x000000070c400000|  0%| F|  |TAMS 0x000000070c200000, 0x000000070c200000| Untracked 
|  78|0x000000070c400000, 0x000000070c400000, 0x000000070c600000|  0%| F|  |TAMS 0x000000070c400000, 0x000000070c400000| Untracked 
|  79|0x000000070c600000, 0x000000070c600000, 0x000000070c800000|  0%| F|  |TAMS 0x000000070c600000, 0x000000070c600000| Untracked 
|  80|0x000000070c800000, 0x000000070c800000, 0x000000070ca00000|  0%| F|  |TAMS 0x000000070c800000, 0x000000070c800000| Untracked 
|  81|0x000000070ca00000, 0x000000070ca00000, 0x000000070cc00000|  0%| F|  |TAMS 0x000000070ca00000, 0x000000070ca00000| Untracked 
|  82|0x000000070cc00000, 0x000000070cc00000, 0x000000070ce00000|  0%| F|  |TAMS 0x000000070cc00000, 0x000000070cc00000| Untracked 
|  83|0x000000070ce00000, 0x000000070ce00000, 0x000000070d000000|  0%| F|  |TAMS 0x000000070ce00000, 0x000000070ce00000| Untracked 
|  84|0x000000070d000000, 0x000000070d000000, 0x000000070d200000|  0%| F|  |TAMS 0x000000070d000000, 0x000000070d000000| Untracked 
|  85|0x000000070d200000, 0x000000070d200000, 0x000000070d400000|  0%| F|  |TAMS 0x000000070d200000, 0x000000070d200000| Untracked 
|  86|0x000000070d400000, 0x000000070d400000, 0x000000070d600000|  0%| F|  |TAMS 0x000000070d400000, 0x000000070d400000| Untracked 
|  87|0x000000070d600000, 0x000000070d600000, 0x000000070d800000|  0%| F|  |TAMS 0x000000070d600000, 0x000000070d600000| Untracked 
|  88|0x000000070d800000, 0x000000070d800000, 0x000000070da00000|  0%| F|  |TAMS 0x000000070d800000, 0x000000070d800000| Untracked 
|  89|0x000000070da00000, 0x000000070da00000, 0x000000070dc00000|  0%| F|  |TAMS 0x000000070da00000, 0x000000070da00000| Untracked 
|  90|0x000000070dc00000, 0x000000070dc00000, 0x000000070de00000|  0%| F|  |TAMS 0x000000070dc00000, 0x000000070dc00000| Untracked 
|  91|0x000000070de00000, 0x000000070de00000, 0x000000070e000000|  0%| F|  |TAMS 0x000000070de00000, 0x000000070de00000| Untracked 
|  92|0x000000070e000000, 0x000000070e000000, 0x000000070e200000|  0%| F|  |TAMS 0x000000070e000000, 0x000000070e000000| Untracked 
|  93|0x000000070e200000, 0x000000070e200000, 0x000000070e400000|  0%| F|  |TAMS 0x000000070e200000, 0x000000070e200000| Untracked 
|  94|0x000000070e400000, 0x000000070e400000, 0x000000070e600000|  0%| F|  |TAMS 0x000000070e400000, 0x000000070e400000| Untracked 
|  95|0x000000070e600000, 0x000000070e600000, 0x000000070e800000|  0%| F|  |TAMS 0x000000070e600000, 0x000000070e600000| Untracked 
|  96|0x000000070e800000, 0x000000070e800000, 0x000000070ea00000|  0%| F|  |TAMS 0x000000070e800000, 0x000000070e800000| Untracked 
|  97|0x000000070ea00000, 0x000000070ea00000, 0x000000070ec00000|  0%| F|  |TAMS 0x000000070ea00000, 0x000000070ea00000| Untracked 
|  98|0x000000070ec00000, 0x000000070ec00000, 0x000000070ee00000|  0%| F|  |TAMS 0x000000070ec00000, 0x000000070ec00000| Untracked 
|  99|0x000000070ee00000, 0x000000070ee00000, 0x000000070f000000|  0%| F|  |TAMS 0x000000070ee00000, 0x000000070ee00000| Untracked 
| 100|0x000000070f000000, 0x000000070f000000, 0x000000070f200000|  0%| F|  |TAMS 0x000000070f000000, 0x000000070f000000| Untracked 
| 101|0x000000070f200000, 0x000000070f200000, 0x000000070f400000|  0%| F|  |TAMS 0x000000070f200000, 0x000000070f200000| Untracked 
| 102|0x000000070f400000, 0x000000070f400000, 0x000000070f600000|  0%| F|  |TAMS 0x000000070f400000, 0x000000070f400000| Untracked 
| 103|0x000000070f600000, 0x000000070f600000, 0x000000070f800000|  0%| F|  |TAMS 0x000000070f600000, 0x000000070f600000| Untracked 
| 104|0x000000070f800000, 0x000000070f800000, 0x000000070fa00000|  0%| F|  |TAMS 0x000000070f800000, 0x000000070f800000| Untracked 
| 105|0x000000070fa00000, 0x000000070fa00000, 0x000000070fc00000|  0%| F|  |TAMS 0x000000070fa00000, 0x000000070fa00000| Untracked 
| 106|0x000000070fc00000, 0x000000070fc00000, 0x000000070fe00000|  0%| F|  |TAMS 0x000000070fc00000, 0x000000070fc00000| Untracked 
| 107|0x000000070fe00000, 0x000000070fe00000, 0x0000000710000000|  0%| F|  |TAMS 0x000000070fe00000, 0x000000070fe00000| Untracked 
| 108|0x0000000710000000, 0x0000000710000000, 0x0000000710200000|  0%| F|  |TAMS 0x0000000710000000, 0x0000000710000000| Untracked 
| 109|0x0000000710200000, 0x0000000710200000, 0x0000000710400000|  0%| F|  |TAMS 0x0000000710200000, 0x0000000710200000| Untracked 
| 110|0x0000000710400000, 0x0000000710400000, 0x0000000710600000|  0%| F|  |TAMS 0x0000000710400000, 0x0000000710400000| Untracked 
| 111|0x0000000710600000, 0x0000000710600000, 0x0000000710800000|  0%| F|  |TAMS 0x0000000710600000, 0x0000000710600000| Untracked 
| 112|0x0000000710800000, 0x0000000710800000, 0x0000000710a00000|  0%| F|  |TAMS 0x0000000710800000, 0x0000000710800000| Untracked 
| 113|0x0000000710a00000, 0x0000000710a00000, 0x0000000710c00000|  0%| F|  |TAMS 0x0000000710a00000, 0x0000000710a00000| Untracked 
| 114|0x0000000710c00000, 0x0000000710c00000, 0x0000000710e00000|  0%| F|  |TAMS 0x0000000710c00000, 0x0000000710c00000| Untracked 
| 115|0x0000000710e00000, 0x0000000710e00000, 0x0000000711000000|  0%| F|  |TAMS 0x0000000710e00000, 0x0000000710e00000| Untracked 
| 116|0x0000000711000000, 0x0000000711000000, 0x0000000711200000|  0%| F|  |TAMS 0x0000000711000000, 0x0000000711000000| Untracked 
| 117|0x0000000711200000, 0x0000000711200000, 0x0000000711400000|  0%| F|  |TAMS 0x0000000711200000, 0x0000000711200000| Untracked 
| 118|0x0000000711400000, 0x0000000711400000, 0x0000000711600000|  0%| F|  |TAMS 0x0000000711400000, 0x0000000711400000| Untracked 
| 119|0x0000000711600000, 0x0000000711800000, 0x0000000711800000|100%| S|CS|TAMS 0x0000000711600000, 0x0000000711600000| Complete 
| 120|0x0000000711800000, 0x0000000711841e48, 0x0000000711a00000| 12%| E|  |TAMS 0x0000000711800000, 0x0000000711800000| Complete 
| 121|0x0000000711a00000, 0x0000000711c00000, 0x0000000711c00000|100%| E|CS|TAMS 0x0000000711a00000, 0x0000000711a00000| Complete 
| 122|0x0000000711c00000, 0x0000000711e00000, 0x0000000711e00000|100%| E|CS|TAMS 0x0000000711c00000, 0x0000000711c00000| Complete 
| 123|0x0000000711e00000, 0x0000000712000000, 0x0000000712000000|100%| E|CS|TAMS 0x0000000711e00000, 0x0000000711e00000| Complete 
| 124|0x0000000712000000, 0x0000000712200000, 0x0000000712200000|100%| E|CS|TAMS 0x0000000712000000, 0x0000000712000000| Complete 
| 125|0x0000000712200000, 0x0000000712400000, 0x0000000712400000|100%| E|CS|TAMS 0x0000000712200000, 0x0000000712200000| Complete 
| 126|0x0000000712400000, 0x0000000712600000, 0x0000000712600000|100%| E|CS|TAMS 0x0000000712400000, 0x0000000712400000| Complete 

Card table byte_map: [0x00000263dbf60000,0x00000263dc750000] _byte_map_base: 0x00000263d874c000

Marking Bits (Prev, Next): (CMBitMap*) 0x00000263c1d7bf20, (CMBitMap*) 0x00000263c1d7bf60
 Prev Bits: [0x00000263dcf40000, 0x00000263e0ea0000)
 Next Bits: [0x00000263e0ea0000, 0x00000263e4e00000)

Polling page: 0x00000263c1dc0000

Metaspace:

Usage:
  Non-class:     10.95 MB used.
      Class:      1.47 MB used.
       Both:     12.42 MB used.

Virtual space:
  Non-class space:       64.00 MB reserved,      11.06 MB ( 17%) committed,  1 nodes.
      Class space:        1.00 GB reserved,       1.62 MB ( <1%) committed,  1 nodes.
             Both:        1.06 GB reserved,      12.69 MB (  1%) committed. 

Chunk freelists:
   Non-Class:  4.92 MB
       Class:  14.36 MB
        Both:  19.28 MB

MaxMetaspaceSize: unlimited
CompressedClassSpaceSize: 1.00 GB
Initial GC threshold: 21.00 MB
Current GC threshold: 21.00 MB
CDS: on
MetaspaceReclaimPolicy: balanced
 - commit_granule_bytes: 65536.
 - commit_granule_words: 8192.
 - virtual_space_node_default_size: 8388608.
 - enlarge_chunks_in_place: 1.
 - new_chunks_are_fully_committed: 0.
 - uncommit_free_chunks: 1.
 - use_allocation_guard: 0.
 - handle_deallocations: 1.


Internal statistics:

num_allocs_failed_limit: 0.
num_arena_births: 184.
num_arena_deaths: 0.
num_vsnodes_births: 2.
num_vsnodes_deaths: 0.
num_space_committed: 203.
num_space_uncommitted: 0.
num_chunks_returned_to_freelist: 0.
num_chunks_taken_from_freelist: 564.
num_chunk_merges: 0.
num_chunk_splits: 383.
num_chunks_enlarged: 303.
num_inconsistent_stats: 0.

CodeHeap 'non-profiled nmethods': size=120064Kb used=623Kb max_used=623Kb free=119441Kb
 bounds [0x00000263d3e20000, 0x00000263d4090000, 0x00000263db360000]
CodeHeap 'profiled nmethods': size=120000Kb used=3472Kb max_used=3472Kb free=116527Kb
 bounds [0x00000263cc360000, 0x00000263cc6d0000, 0x00000263d3890000]
CodeHeap 'non-nmethods': size=5696Kb used=1188Kb max_used=1204Kb free=4507Kb
 bounds [0x00000263d3890000, 0x00000263d3b00000, 0x00000263d3e20000]
 total_blobs=2294 nmethods=1810 adapters=397
 compilation: enabled
              stopped_count=0, restarted_count=0
 full_count=0

Compilation events (20 events):
Event: 1.508 Thread 0x00000263e726df40 1803       3       java.lang.StringConcatHelper::prepend (22 bytes)
Event: 1.508 Thread 0x00000263e726df40 nmethod 1803 0x00000263cc6bda10 code [0x00000263cc6bdbc0, 0x00000263cc6bdd58]
Event: 1.508 Thread 0x00000263e726df40 1804       3       org.springframework.core.annotation.AnnotationsScanner::getDeclaredAnnotations (166 bytes)
Event: 1.509 Thread 0x00000263e726df40 nmethod 1804 0x00000263cc6bde10 code [0x00000263cc6be120, 0x00000263cc6bf6d8]
Event: 1.509 Thread 0x00000263e726df40 1805       3       java.lang.System$2::getEnumConstantsShared (8 bytes)
Event: 1.509 Thread 0x00000263e726df40 nmethod 1805 0x00000263cc6bfb90 code [0x00000263cc6bfd40, 0x00000263cc6bff88]
Event: 1.510 Thread 0x00000263e726df40 1806       3       java.lang.invoke.MethodType::dropParameterTypes (162 bytes)
Event: 1.510 Thread 0x00000263e726df40 nmethod 1806 0x00000263cc6c0090 code [0x00000263cc6c0380, 0x00000263cc6c1328]
Event: 1.510 Thread 0x00000263e726df40 1807       1       org.springframework.core.annotation.AnnotationTypeMapping::getDistance (5 bytes)
Event: 1.510 Thread 0x00000263e726df40 nmethod 1807 0x00000263d3ebb010 code [0x00000263d3ebb1a0, 0x00000263d3ebb278]
Event: 1.513 Thread 0x00000263e726df40 1808       3       java.lang.Class::getInterfaces (49 bytes)
Event: 1.513 Thread 0x00000263e726df40 nmethod 1808 0x00000263cc6c1810 code [0x00000263cc6c1a00, 0x00000263cc6c1f18]
Event: 1.517 Thread 0x00000263e726df40 1809       3       ch.qos.logback.classic.Logger::isTraceEnabled (67 bytes)
Event: 1.518 Thread 0x00000263e726df40 nmethod 1809 0x00000263cc6c2090 code [0x00000263cc6c2280, 0x00000263cc6c2808]
Event: 1.518 Thread 0x00000263e726df40 1810       1       ch.qos.logback.classic.spi.LogbackServiceProvider::getLoggerFactory (5 bytes)
Event: 1.518 Thread 0x00000263e726df40 nmethod 1810 0x00000263d3ebb310 code [0x00000263d3ebb4a0, 0x00000263d3ebb578]
Event: 1.520 Thread 0x00000263e726df40 1811       1       ch.qos.logback.core.pattern.Converter::getNext (5 bytes)
Event: 1.520 Thread 0x00000263e726df40 nmethod 1811 0x00000263d3ebb610 code [0x00000263d3ebb7a0, 0x00000263d3ebb878]
Event: 1.525 Thread 0x00000263e726df40 1812       1       java.security.PermissionCollection::isReadOnly (5 bytes)
Event: 1.525 Thread 0x00000263e726df40 nmethod 1812 0x00000263d3ebb910 code [0x00000263d3ebbaa0, 0x00000263d3ebbb78]

GC Heap History (6 events):
Event: 0.607 GC heap before
{Heap before GC invocations=0 (full 0):
 garbage-first heap   total 260096K, used 10240K [0x0000000702800000, 0x0000000800000000)
  region size 2048K, 6 young (12288K), 0 survivors (0K)
 Metaspace       used 3845K, committed 4096K, reserved 1114112K
  class space    used 403K, committed 512K, reserved 1048576K
}
Event: 0.611 GC heap after
{Heap after GC invocations=1 (full 0):
 garbage-first heap   total 260096K, used 3614K [0x0000000702800000, 0x0000000800000000)
  region size 2048K, 1 young (2048K), 1 survivors (2048K)
 Metaspace       used 3845K, committed 4096K, reserved 1114112K
  class space    used 403K, committed 512K, reserved 1048576K
}
Event: 0.899 GC heap before
{Heap before GC invocations=1 (full 0):
 garbage-first heap   total 260096K, used 11806K [0x0000000702800000, 0x0000000800000000)
  region size 2048K, 6 young (12288K), 1 survivors (2048K)
 Metaspace       used 6627K, committed 6720K, reserved 1114112K
  class space    used 783K, committed 832K, reserved 1048576K
}
Event: 0.904 GC heap after
{Heap after GC invocations=2 (full 0):
 garbage-first heap   total 260096K, used 4487K [0x0000000702800000, 0x0000000800000000)
  region size 2048K, 1 young (2048K), 1 survivors (2048K)
 Metaspace       used 6627K, committed 6720K, reserved 1114112K
  class space    used 783K, committed 832K, reserved 1048576K
}
Event: 1.231 GC heap before
{Heap before GC invocations=2 (full 0):
 garbage-first heap   total 260096K, used 14727K [0x0000000702800000, 0x0000000800000000)
  region size 2048K, 7 young (14336K), 1 survivors (2048K)
 Metaspace       used 9537K, committed 9792K, reserved 1114112K
  class space    used 1155K, committed 1280K, reserved 1048576K
}
Event: 1.235 GC heap after
{Heap after GC invocations=3 (full 0):
 garbage-first heap   total 260096K, used 5676K [0x0000000702800000, 0x0000000800000000)
  region size 2048K, 1 young (2048K), 1 survivors (2048K)
 Metaspace       used 9537K, committed 9792K, reserved 1114112K
  class space    used 1155K, committed 1280K, reserved 1048576K
}

Dll operation events (11 events):
Event: 0.010 Loaded shared library C:\Program Files\OpenLogic\jdk-17.0.9.9-hotspot\bin\java.dll
Event: 0.032 Loaded shared library C:\Program Files\OpenLogic\jdk-17.0.9.9-hotspot\bin\jsvml.dll
Event: 0.106 Loaded shared library C:\Program Files\OpenLogic\jdk-17.0.9.9-hotspot\bin\zip.dll
Event: 0.108 Loaded shared library C:\Program Files\OpenLogic\jdk-17.0.9.9-hotspot\bin\instrument.dll
Event: 0.127 Loaded shared library C:\Program Files\OpenLogic\jdk-17.0.9.9-hotspot\bin\net.dll
Event: 0.128 Loaded shared library C:\Program Files\OpenLogic\jdk-17.0.9.9-hotspot\bin\nio.dll
Event: 0.130 Loaded shared library C:\Program Files\OpenLogic\jdk-17.0.9.9-hotspot\bin\zip.dll
Event: 0.239 Loaded shared library C:\Program Files\JetBrains\IntelliJ IDEA Community Edition 2023.3.2\bin\breakgen64.dll
Event: 0.297 Loaded shared library C:\Program Files\OpenLogic\jdk-17.0.9.9-hotspot\bin\jimage.dll
Event: 0.664 Loaded shared library C:\Program Files\OpenLogic\jdk-17.0.9.9-hotspot\bin\management.dll
Event: 0.665 Loaded shared library C:\Program Files\OpenLogic\jdk-17.0.9.9-hotspot\bin\management_ext.dll

Deoptimization events (20 events):
Event: 1.385 Thread 0x00000263e7cd4470 Uncommon trap: trap_request=0xffffff45 fr.pc=0x00000263d3e84334 relative=0x0000000000000314
Event: 1.385 Thread 0x00000263e7cd4470 Uncommon trap: reason=unstable_if action=reinterpret pc=0x00000263d3e84334 method=jdk.internal.org.objectweb.asm.SymbolTable.put(Ljdk/internal/org/objectweb/asm/SymbolTable$Entry;)Ljdk/internal/org/objectweb/asm/SymbolTable$Entry; @ 13 c2
Event: 1.385 Thread 0x00000263e7cd4470 DEOPT PACKING pc=0x00000263d3e84334 sp=0x000000f32c8fcc00
Event: 1.385 Thread 0x00000263e7cd4470 DEOPT UNPACKING pc=0x00000263d38e699d sp=0x000000f32c8fcb80 mode 2
Event: 1.449 Thread 0x00000263ec1c50a0 Uncommon trap: trap_request=0xffffff45 fr.pc=0x00000263d3e35e98 relative=0x00000000000003f8
Event: 1.449 Thread 0x00000263ec1c50a0 Uncommon trap: reason=unstable_if action=reinterpret pc=0x00000263d3e35e98 method=java.lang.StringLatin1.canEncode(I)Z @ 4 c2
Event: 1.449 Thread 0x00000263ec1c50a0 DEOPT PACKING pc=0x00000263d3e35e98 sp=0x000000f32c9fdbf0
Event: 1.449 Thread 0x00000263ec1c50a0 DEOPT UNPACKING pc=0x00000263d38e699d sp=0x000000f32c9fdb18 mode 2
Event: 1.449 Thread 0x00000263ec1c50a0 Uncommon trap: trap_request=0xffffff45 fr.pc=0x00000263d3e3557c relative=0x00000000000003dc
Event: 1.449 Thread 0x00000263ec1c50a0 Uncommon trap: reason=unstable_if action=reinterpret pc=0x00000263d3e3557c method=java.lang.AbstractStringBuilder.isLatin1()Z @ 10 c2
Event: 1.449 Thread 0x00000263ec1c50a0 DEOPT PACKING pc=0x00000263d3e3557c sp=0x000000f32c9fdc10
Event: 1.449 Thread 0x00000263ec1c50a0 DEOPT UNPACKING pc=0x00000263d38e699d sp=0x000000f32c9fdb90 mode 2
Event: 1.449 Thread 0x00000263ec1c50a0 Uncommon trap: trap_request=0xffffff45 fr.pc=0x00000263d3e381dc relative=0x000000000000005c
Event: 1.449 Thread 0x00000263ec1c50a0 Uncommon trap: reason=unstable_if action=reinterpret pc=0x00000263d3e381dc method=java.lang.AbstractStringBuilder.isLatin1()Z @ 10 c2
Event: 1.449 Thread 0x00000263ec1c50a0 DEOPT PACKING pc=0x00000263d3e381dc sp=0x000000f32c9fdbf0
Event: 1.449 Thread 0x00000263ec1c50a0 DEOPT UNPACKING pc=0x00000263d38e699d sp=0x000000f32c9fdb80 mode 2
Event: 1.464 Thread 0x00000263ec1c50a0 Uncommon trap: trap_request=0xffffff45 fr.pc=0x00000263d3e6cfc8 relative=0x0000000000000048
Event: 1.464 Thread 0x00000263ec1c50a0 Uncommon trap: reason=unstable_if action=reinterpret pc=0x00000263d3e6cfc8 method=java.lang.CharacterData.of(I)Ljava/lang/CharacterData; @ 4 c2
Event: 1.464 Thread 0x00000263ec1c50a0 DEOPT PACKING pc=0x00000263d3e6cfc8 sp=0x000000f32c9fd3a0
Event: 1.464 Thread 0x00000263ec1c50a0 DEOPT UNPACKING pc=0x00000263d38e699d sp=0x000000f32c9fd338 mode 2

Classes unloaded (0 events):
No events

Classes redefined (0 events):
No events

Internal exceptions (20 events):
Event: 0.969 Thread 0x00000263e7cd4470 Exception <a 'java/lang/NoSuchMethodError'{0x000000071229fd80}: 'java.lang.Object java.lang.invoke.DirectMethodHandle$Holder.newInvokeSpecial(java.lang.Object, java.lang.Object, java.lang.Object, java.lang.Object, java.lang.Object, java.lang.Object, int)'> (0x000000071229fd80) 
thrown [s\src\hotspot\share\interpreter\linkResolver.cpp, line 759]
Event: 0.969 Thread 0x00000263e7cd4470 Exception <a 'java/lang/NoSuchMethodError'{0x00000007122a4dc0}: 'java.lang.Object java.lang.invoke.DirectMethodHandle$Holder.invokeSpecial(java.lang.Object, java.lang.Object, java.lang.Object, java.lang.Object, java.lang.Object, java.lang.Object, java.lang.Object, int)'> (0x00000007122a4dc0) 
thrown [s\src\hotspot\share\interpreter\linkResolver.cpp, line 759]
Event: 1.010 Thread 0x00000263e7cd4470 Exception <a 'java/lang/NoSuchMethodError'{0x00000007123dd2e8}: 'int java.lang.invoke.DirectMethodHandle$Holder.invokeInterface(java.lang.Object, java.lang.Object)'> (0x00000007123dd2e8) 
thrown [s\src\hotspot\share\interpreter\linkResolver.cpp, line 759]
Event: 1.024 Thread 0x00000263e7cd4470 Exception <a 'java/lang/NoSuchMethodError'{0x0000000712057b20}: 'java.lang.Object java.lang.invoke.DirectMethodHandle$Holder.invokeSpecial(java.lang.Object, java.lang.Object, java.lang.Object, int, java.lang.Object)'> (0x0000000712057b20) 
thrown [s\src\hotspot\share\interpreter\linkResolver.cpp, line 759]
Event: 1.025 Thread 0x00000263e7cd4470 Exception <a 'java/lang/NoSuchMethodError'{0x0000000712060180}: 'java.lang.Object java.lang.invoke.DirectMethodHandle$Holder.newInvokeSpecial(java.lang.Object, java.lang.Object, java.lang.Object, int, java.lang.Object)'> (0x0000000712060180) 
thrown [s\src\hotspot\share\interpreter\linkResolver.cpp, line 759]
Event: 1.025 Thread 0x00000263e7cd4470 Exception <a 'java/lang/NoSuchMethodError'{0x0000000712067db8}: 'java.lang.Object java.lang.invoke.Invokers$Holder.linkToTargetMethod(java.lang.Object, java.lang.Object, int, java.lang.Object, java.lang.Object)'> (0x0000000712067db8) 
thrown [s\src\hotspot\share\interpreter\linkResolver.cpp, line 759]
Event: 1.027 Thread 0x00000263e7cd4470 Exception <a 'java/lang/NoSuchMethodError'{0x000000071207cd88}: 'java.lang.Object java.lang.invoke.DirectMethodHandle$Holder.newInvokeSpecial(java.lang.Object, int, java.lang.Object)'> (0x000000071207cd88) 
thrown [s\src\hotspot\share\interpreter\linkResolver.cpp, line 759]
Event: 1.027 Thread 0x00000263e7cd4470 Exception <a 'java/lang/NoSuchMethodError'{0x0000000712081cb8}: 'int java.lang.invoke.DirectMethodHandle$Holder.invokeSpecialIFC(java.lang.Object, java.lang.Object, java.lang.Object, java.lang.Object)'> (0x0000000712081cb8) 
thrown [s\src\hotspot\share\interpreter\linkResolver.cpp, line 759]
Event: 1.061 Thread 0x00000263e7cd4470 Exception <a 'java/lang/NoSuchMethodError'{0x0000000712159f20}: 'void java.lang.invoke.DirectMethodHandle$Holder.invokeInterface(java.lang.Object, java.lang.Object, java.lang.Object)'> (0x0000000712159f20) 
thrown [s\src\hotspot\share\interpreter\linkResolver.cpp, line 759]
Event: 1.091 Thread 0x00000263e7cd4470 Exception <a 'java/lang/NoSuchMethodError'{0x0000000711e07908}: 'void java.lang.invoke.DirectMethodHandle$Holder.invokeStaticInit(java.lang.Object, java.lang.Object, java.lang.Object)'> (0x0000000711e07908) 
thrown [s\src\hotspot\share\interpreter\linkResolver.cpp, line 759]
Event: 1.098 Thread 0x00000263e7cd4470 Exception <a 'java/lang/NoSuchMethodError'{0x0000000711e21b78}: 'java.lang.Object java.lang.invoke.DirectMethodHandle$Holder.invokeStatic(java.lang.Object, java.lang.Object, long, java.lang.Object)'> (0x0000000711e21b78) 
thrown [s\src\hotspot\share\interpreter\linkResolver.cpp, line 759]
Event: 1.100 Thread 0x00000263e7cd4470 Exception <a 'java/lang/NoSuchMethodError'{0x0000000711e25610}: 'java.lang.Object java.lang.invoke.DirectMethodHandle$Holder.invokeStaticInit(java.lang.Object, java.lang.Object, long, java.lang.Object)'> (0x0000000711e25610) 
thrown [s\src\hotspot\share\interpreter\linkResolver.cpp, line 759]
Event: 1.101 Thread 0x00000263e7cd4470 Exception <a 'java/lang/NoSuchMethodError'{0x0000000711e2bd18}: 'java.lang.Object java.lang.invoke.DirectMethodHandle$Holder.newInvokeSpecial(java.lang.Object, java.lang.Object, long)'> (0x0000000711e2bd18) 
thrown [s\src\hotspot\share\interpreter\linkResolver.cpp, line 759]
Event: 1.101 Thread 0x00000263e7cd4470 Exception <a 'java/lang/NoSuchMethodError'{0x0000000711e2f888}: 'java.lang.Object java.lang.invoke.Invokers$Holder.linkToTargetMethod(java.lang.Object, long, java.lang.Object)'> (0x0000000711e2f888) 
thrown [s\src\hotspot\share\interpreter\linkResolver.cpp, line 759]
Event: 1.124 Thread 0x00000263e7cd4470 Exception <a 'java/lang/NoSuchMethodError'{0x0000000711e7d700}: 'void java.lang.invoke.DirectMethodHandle$Holder.invokeSpecial(java.lang.Object, java.lang.Object, java.lang.Object, java.lang.Object, java.lang.Object)'> (0x0000000711e7d700) 
thrown [s\src\hotspot\share\interpreter\linkResolver.cpp, line 759]
Event: 1.125 Thread 0x00000263e7cd4470 Exception <a 'java/lang/NoSuchMethodError'{0x0000000711e85d18}: 'void java.lang.invoke.DirectMethodHandle$Holder.invokeVirtual(java.lang.Object, java.lang.Object, java.lang.Object, java.lang.Object)'> (0x0000000711e85d18) 
thrown [s\src\hotspot\share\interpreter\linkResolver.cpp, line 759]
Event: 1.175 Thread 0x00000263e7cd4470 Exception <a 'java/lang/NoSuchMethodError'{0x0000000711fddd78}: 'void java.lang.invoke.DirectMethodHandle$Holder.invokeSpecial(java.lang.Object, java.lang.Object, java.lang.Object)'> (0x0000000711fddd78) 
thrown [s\src\hotspot\share\interpreter\linkResolver.cpp, line 759]
Event: 1.181 Thread 0x00000263e7cd4470 Exception <a 'java/lang/IncompatibleClassChangeError'{0x0000000711c23da0}: Found class java.lang.Object, but interface was expected> (0x0000000711c23da0) 
thrown [s\src\hotspot\share\interpreter\linkResolver.cpp, line 826]
Event: 1.196 Thread 0x00000263ec1c50a0 Exception <a 'java/lang/NoClassDefFoundError'{0x0000000711c777c0}: jakarta/validation/Validation> (0x0000000711c777c0) 
thrown [s\src\hotspot\share\classfile\systemDictionary.cpp, line 245]
Event: 1.319 Thread 0x00000263e7cd4470 Exception <a 'java/lang/NoSuchMethodError'{0x0000000712176398}: 'java.lang.Object java.lang.invoke.DirectMethodHandle$Holder.invokeStatic(java.lang.Object, int, java.lang.Object)'> (0x0000000712176398) 
thrown [s\src\hotspot\share\interpreter\linkResolver.cpp, line 759]

VM Operations (20 events):
Event: 0.302 Executing VM operation: HandshakeAllThreads
Event: 0.302 Executing VM operation: HandshakeAllThreads done
Event: 0.607 Executing VM operation: G1CollectForAllocation
Event: 0.611 Executing VM operation: G1CollectForAllocation done
Event: 0.779 Executing VM operation: HandshakeAllThreads
Event: 0.779 Executing VM operation: HandshakeAllThreads done
Event: 0.899 Executing VM operation: G1CollectForAllocation
Event: 0.905 Executing VM operation: G1CollectForAllocation done
Event: 1.020 Executing VM operation: HandshakeAllThreads
Event: 1.020 Executing VM operation: HandshakeAllThreads done
Event: 1.057 Executing VM operation: HandshakeAllThreads
Event: 1.057 Executing VM operation: HandshakeAllThreads done
Event: 1.173 Executing VM operation: HandshakeAllThreads
Event: 1.173 Executing VM operation: HandshakeAllThreads done
Event: 1.173 Executing VM operation: HandshakeAllThreads
Event: 1.173 Executing VM operation: HandshakeAllThreads done
Event: 1.231 Executing VM operation: G1CollectForAllocation
Event: 1.244 Executing VM operation: G1CollectForAllocation done
Event: 1.464 Executing VM operation: HandshakeAllThreads
Event: 1.464 Executing VM operation: HandshakeAllThreads done

Events (20 events):
Event: 1.377 loading class jdk/internal/reflect/Label$PatchInfo
Event: 1.377 loading class jdk/internal/reflect/Label$PatchInfo done
Event: 1.377 loading class jdk/internal/reflect/MethodAccessorGenerator$1
Event: 1.377 loading class jdk/internal/reflect/MethodAccessorGenerator$1 done
Event: 1.377 loading class jdk/internal/reflect/ClassDefiner
Event: 1.377 loading class jdk/internal/reflect/ClassDefiner done
Event: 1.377 loading class jdk/internal/reflect/ClassDefiner$1
Event: 1.378 loading class jdk/internal/reflect/ClassDefiner$1 done
Event: 1.378 loading class jdk/internal/reflect/BootstrapConstructorAccessorImpl
Event: 1.378 loading class jdk/internal/reflect/BootstrapConstructorAccessorImpl done
Event: 1.448 loading class sun/text/resources/cldr/FormatData_en
Event: 1.448 loading class sun/text/resources/cldr/FormatData_en done
Event: 1.449 loading class sun/text/resources/cldr/FormatData_en_US
Event: 1.449 loading class sun/text/resources/cldr/FormatData_en_US done
Event: 1.469 loading class java/io/CharArrayReader
Event: 1.469 loading class java/io/CharArrayReader done
Event: 1.470 loading class java/io/StringReader
Event: 1.470 loading class java/io/StringReader done
Event: 1.516 loading class jdk/internal/reflect/UnsafeObjectFieldAccessorImpl
Event: 1.516 loading class jdk/internal/reflect/UnsafeObjectFieldAccessorImpl done


Dynamic libraries:
0x00007ff71d240000 - 0x00007ff71d24e000 	C:\Program Files\OpenLogic\jdk-17.0.9.9-hotspot\bin\java.exe
0x00007ffe6e2d0000 - 0x00007ffe6e4e7000 	C:\Windows\SYSTEM32\ntdll.dll
0x00007ffe6d550000 - 0x00007ffe6d614000 	C:\Windows\System32\KERNEL32.DLL
0x00007ffe6b890000 - 0x00007ffe6bc36000 	C:\Windows\System32\KERNELBASE.dll
0x00007ffe6bed0000 - 0x00007ffe6bfe1000 	C:\Windows\System32\ucrtbase.dll
0x00007ffe589d0000 - 0x00007ffe589e7000 	C:\Program Files\OpenLogic\jdk-17.0.9.9-hotspot\bin\jli.dll
0x00007ffe6d640000 - 0x00007ffe6d7ee000 	C:\Windows\System32\USER32.dll
0x00007ffe589b0000 - 0x00007ffe589cb000 	C:\Program Files\OpenLogic\jdk-17.0.9.9-hotspot\bin\VCRUNTIME140.dll
0x00007ffe6b690000 - 0x00007ffe6b6b6000 	C:\Windows\System32\win32u.dll
0x00007ffe6e260000 - 0x00007ffe6e289000 	C:\Windows\System32\GDI32.dll
0x00007ffe6bc40000 - 0x00007ffe6bd58000 	C:\Windows\System32\gdi32full.dll
0x00007ffe6b6c0000 - 0x00007ffe6b75a000 	C:\Windows\System32\msvcp_win.dll
0x00007ffe59d40000 - 0x00007ffe59fd3000 	C:\Windows\WinSxS\amd64_microsoft.windows.common-controls_6595b64144ccf1df_6.0.22621.2506_none_270c5ae97388e100\COMCTL32.dll
0x00007ffe6d4a0000 - 0x00007ffe6d547000 	C:\Windows\System32\msvcrt.dll
0x00007ffe6d7f0000 - 0x00007ffe6d821000 	C:\Windows\System32\IMM32.DLL
0x00007ffe655e0000 - 0x00007ffe655ec000 	C:\Program Files\OpenLogic\jdk-17.0.9.9-hotspot\bin\vcruntime140_1.dll
0x00007ffe4c0d0000 - 0x00007ffe4c15d000 	C:\Program Files\OpenLogic\jdk-17.0.9.9-hotspot\bin\msvcp140.dll
0x00007ffe239e0000 - 0x00007ffe24641000 	C:\Program Files\OpenLogic\jdk-17.0.9.9-hotspot\bin\server\jvm.dll
0x00007ffe6dda0000 - 0x00007ffe6de53000 	C:\Windows\System32\ADVAPI32.dll
0x00007ffe6dcd0000 - 0x00007ffe6dd78000 	C:\Windows\System32\sechost.dll
0x00007ffe6bff0000 - 0x00007ffe6c018000 	C:\Windows\System32\bcrypt.dll
0x00007ffe6dff0000 - 0x00007ffe6e107000 	C:\Windows\System32\RPCRT4.dll
0x00007ffe6b430000 - 0x00007ffe6b47d000 	C:\Windows\SYSTEM32\POWRPROF.dll
0x00007ffe66fe0000 - 0x00007ffe66fe9000 	C:\Windows\SYSTEM32\WSOCK32.dll
0x00007ffe6df70000 - 0x00007ffe6dfe1000 	C:\Windows\System32\WS2_32.dll
0x00007ffe65450000 - 0x00007ffe65484000 	C:\Windows\SYSTEM32\WINMM.dll
0x00007ffe64920000 - 0x00007ffe6492a000 	C:\Windows\SYSTEM32\VERSION.dll
0x00007ffe6b310000 - 0x00007ffe6b323000 	C:\Windows\SYSTEM32\UMPDC.dll
0x00007ffe6a640000 - 0x00007ffe6a658000 	C:\Windows\SYSTEM32\kernel.appcore.dll
0x00007ffe654e0000 - 0x00007ffe654ea000 	C:\Program Files\OpenLogic\jdk-17.0.9.9-hotspot\bin\jimage.dll
0x00007ffe41ae0000 - 0x00007ffe41d13000 	C:\Windows\SYSTEM32\DBGHELP.DLL
0x00007ffe6d940000 - 0x00007ffe6dcc9000 	C:\Windows\System32\combase.dll
0x00007ffe6c020000 - 0x00007ffe6c0f7000 	C:\Windows\System32\OLEAUT32.dll
0x00007ffe41aa0000 - 0x00007ffe41ad2000 	C:\Windows\SYSTEM32\dbgcore.DLL
0x00007ffe6b610000 - 0x00007ffe6b68a000 	C:\Windows\System32\bcryptPrimitives.dll
0x00007ffe66080000 - 0x00007ffe6608e000 	C:\Program Files\OpenLogic\jdk-17.0.9.9-hotspot\bin\instrument.dll
0x00007ffe58940000 - 0x00007ffe58965000 	C:\Program Files\OpenLogic\jdk-17.0.9.9-hotspot\bin\java.dll
0x00007ffe3c940000 - 0x00007ffe3ca16000 	C:\Program Files\OpenLogic\jdk-17.0.9.9-hotspot\bin\jsvml.dll
0x00007ffe6cbb0000 - 0x00007ffe6d40a000 	C:\Windows\System32\SHELL32.dll
0x00007ffe69560000 - 0x00007ffe69e56000 	C:\Windows\SYSTEM32\windows.storage.dll
0x00007ffe69420000 - 0x00007ffe6955e000 	C:\Windows\SYSTEM32\wintypes.dll
0x00007ffe6c900000 - 0x00007ffe6c9f3000 	C:\Windows\System32\SHCORE.dll
0x00007ffe6c100000 - 0x00007ffe6c15e000 	C:\Windows\System32\shlwapi.dll
0x00007ffe6b540000 - 0x00007ffe6b566000 	C:\Windows\SYSTEM32\profapi.dll
0x00007ffe56b00000 - 0x00007ffe56b18000 	C:\Program Files\OpenLogic\jdk-17.0.9.9-hotspot\bin\zip.dll
0x00007ffe58920000 - 0x00007ffe58939000 	C:\Program Files\OpenLogic\jdk-17.0.9.9-hotspot\bin\net.dll
0x00007ffe65720000 - 0x00007ffe65857000 	C:\Windows\SYSTEM32\WINHTTP.dll
0x00007ffe6aac0000 - 0x00007ffe6ab29000 	C:\Windows\system32\mswsock.dll
0x00007ffe58900000 - 0x00007ffe58916000 	C:\Program Files\OpenLogic\jdk-17.0.9.9-hotspot\bin\nio.dll
0x00007ffe56ae0000 - 0x00007ffe56afa000 	C:\Program Files\JetBrains\IntelliJ IDEA Community Edition 2023.3.2\bin\breakgen64.dll
0x00007ffe5a900000 - 0x00007ffe5a909000 	C:\Program Files\OpenLogic\jdk-17.0.9.9-hotspot\bin\management.dll
0x00007ffe58bb0000 - 0x00007ffe58bbb000 	C:\Program Files\OpenLogic\jdk-17.0.9.9-hotspot\bin\management_ext.dll
0x00007ffe6d620000 - 0x00007ffe6d628000 	C:\Windows\System32\PSAPI.DLL

dbghelp: loaded successfully - version: 4.0.5 - missing functions: none
symbol engine: initialized successfully - sym options: 0x614 - pdb path: .;C:\Program Files\OpenLogic\jdk-17.0.9.9-hotspot\bin;C:\Windows\SYSTEM32;C:\Windows\WinSxS\amd64_microsoft.windows.common-controls_6595b64144ccf1df_6.0.22621.2506_none_270c5ae97388e100;C:\Program Files\OpenLogic\jdk-17.0.9.9-hotspot\bin\server;C:\Program Files\JetBrains\IntelliJ IDEA Community Edition 2023.3.2\bin

VM Arguments:
jvm_args: -javaagent:C:\Program Files\JetBrains\IntelliJ IDEA Community Edition 2023.3.2\lib\idea_rt.jar=60583:C:\Program Files\JetBrains\IntelliJ IDEA Community Edition 2023.3.2\bin -Dfile.encoding=UTF-8 
java_command: com.example.Ejercicio_0_clase_7.Ejercicio0Clase7Application
java_class_path (initial): C:\Users\Javier\Desktop\SpringBoot\Ejercicio_0_clase_7\target\classes;C:\Users\Javier\.m2\repository\org\springframework\boot\spring-boot-starter-web\3.2.2\spring-boot-starter-web-3.2.2.jar;C:\Users\Javier\.m2\repository\org\springframework\boot\spring-boot-starter\3.2.2\spring-boot-starter-3.2.2.jar;C:\Users\Javier\.m2\repository\org\springframework\boot\spring-boot-starter-logging\3.2.2\spring-boot-starter-logging-3.2.2.jar;C:\Users\Javier\.m2\repository\ch\qos\logback\logback-classic\1.4.14\logback-classic-1.4.14.jar;C:\Users\Javier\.m2\repository\ch\qos\logback\logback-core\1.4.14\logback-core-1.4.14.jar;C:\Users\Javier\.m2\repository\org\apache\logging\log4j\log4j-to-slf4j\2.21.1\log4j-to-slf4j-2.21.1.jar;C:\Users\Javier\.m2\repository\org\apache\logging\log4j\log4j-api\2.21.1\log4j-api-2.21.1.jar;C:\Users\Javier\.m2\repository\org\slf4j\jul-to-slf4j\2.0.11\jul-to-slf4j-2.0.11.jar;C:\Users\Javier\.m2\repository\jakarta\annotation\jakarta.annotation-api\2.1.1\jakarta.annotation-api-2.1.1.jar;C:\Users\Javier\.m2\repository\org\yaml\snakeyaml\2.2\snakeyaml-2.2.jar;C:\Users\Javier\.m2\repository\org\springframework\boot\spring-boot-starter-json\3.2.2\spring-boot-starter-json-3.2.2.jar;C:\Users\Javier\.m2\repository\com\fasterxml\jackson\core\jackson-databind\2.15.3\jackson-databind-2.15.3.jar;C:\Users\Javier\.m2\repository\com\fasterxml\jackson\core\jackson-annotations\2.15.3\jackson-annotations-2.15.3.jar;C:\Users\Javier\.m2\repository\com\fasterxml\jackson\core\jackson-core\2.15.3\jackson-core-2.15.3.jar;C:\Users\Javier\.m2\repository\com\fasterxml\jackson\datatype\jackson-datatype-jdk8\2.15.3\jackson-datatype-jdk8-2.15.3.jar;C:\Users\Javier\.m2\repository\com\fasterxml\jackson\datatype\jackson-datatype-jsr310\2.15.3\jackson-datatype-jsr310-2.15.3.jar;C:\Users\Javier\.m2\repository\com\fasterxml\jackson\module\jackson-module-parameter-names\2.15.3\jackson-module-parameter-names-2.15.3.jar;C:\Users\Javier\.m2\repository\org\springframe
Launcher Type: SUN_STANDARD

[Global flags]
     intx CICompilerCount                          = 2                                         {product} {ergonomic}
     uint ConcGCThreads                            = 1                                         {product} {ergonomic}
     uint G1ConcRefinementThreads                  = 2                                         {product} {ergonomic}
   size_t G1HeapRegionSize                         = 2097152                                   {product} {ergonomic}
    uintx GCDrainStackTargetSize                   = 64                                        {product} {ergonomic}
   size_t InitialHeapSize                          = 266338304                                 {product} {ergonomic}
   size_t MarkStackSize                            = 4194304                                   {product} {ergonomic}
   size_t MaxHeapSize                              = 4253024256                                {product} {ergonomic}
   size_t MaxNewSize                               = 2550136832                                {product} {ergonomic}
   size_t MinHeapDeltaBytes                        = 2097152                                   {product} {ergonomic}
   size_t MinHeapSize                              = 8388608                                   {product} {ergonomic}
    uintx NonNMethodCodeHeapSize                   = 5826188                                {pd product} {ergonomic}
    uintx NonProfiledCodeHeapSize                  = 122916026                              {pd product} {ergonomic}
    uintx ProfiledCodeHeapSize                     = 122916026                              {pd product} {ergonomic}
    uintx ReservedCodeCacheSize                    = 251658240                              {pd product} {ergonomic}
     bool SegmentedCodeCache                       = true                                      {product} {ergonomic}
   size_t SoftMaxHeapSize                          = 4253024256                             {manageable} {ergonomic}
     bool UseCompressedClassPointers               = true                           {product lp64_product} {ergonomic}
     bool UseCompressedOops                        = true                           {product lp64_product} {ergonomic}
     bool UseG1GC                                  = true                                      {product} {ergonomic}
     bool UseLargePagesIndividualAllocation        = false                                  {pd product} {ergonomic}

Logging:
Log output configuration:
 #0: stdout all=warning uptime,level,tags
 #1: stderr all=off uptime,level,tags

Environment Variables:
JAVA_HOME=C:\Program Files\OpenLogic\jdk-17.0.9.9-hotspot\
PATH=C:\Program Files (x86)\Common Files\Oracle\Java\javapath;C:\Program Files\OpenLogic\jdk-17.0.9.9-hotspot\bin;C:\Windows\system32;C:\Windows;C:\Windows\System32\Wbem;C:\Windows\System32\WindowsPowerShell\v1.0\;C:\Windows\System32\OpenSSH\;C:\Program Files\dotnet\;C:\Program Files\Git\cmd;C:\Program Files\PuTTY\;C:\Program Files\nodejs\;C:\ProgramData\chocolatey\bin;C:\Users\Javier\AppData\Local\Programs\Python\Launcher\;C:\Users\Javier\AppData\Local\Microsoft\WindowsApps;C:\Users\Javier\AppData\Local\GitHubDesktop\bin;C:\Users\Javier\AppData\Local\Programs\Microsoft VS Code\bin;C:\Users\Javier\AppData\Roaming\npm;C:\apache-maven-3.8.8\bin;
USERNAME=Javier
OS=Windows_NT
PROCESSOR_IDENTIFIER=Intel64 Family 6 Model 165 Stepping 3, GenuineIntel
TMP=C:\Users\Javier\AppData\Local\Temp
TEMP=C:\Users\Javier\AppData\Local\Temp



Periodic native trim disabled


---------------  S Y S T E M  ---------------

OS:
 Windows 11 , 64 bit Build 22621 (10.0.22621.2506)
OS uptime: 6 days 7:14 hours

CPU: total 2 (initial active 2) (2 cores per cpu, 1 threads per core) family 6 model 165 stepping 3 microcode 0xe0, cx8, cmov, fxsr, mmx, 3dnowpref, sse, sse2, sse3, ssse3, sse4.1, sse4.2, popcnt, lzcnt, tsc, tscinvbit, aes, erms, clmul, clflush, clflushopt
Processor Information for all 2 processors :
  Max Mhz: 3600, Current Mhz: 3600, Mhz Limit: 3600

Memory: 4k page, system-wide physical 16223M (8897M free)
TotalPageFile size 44727M (AvailPageFile size 5M)
current process WorkingSet (physical memory assigned to process): 93M, peak: 95M
current process commit charge ("private bytes"): 365M, peak: 367M

vm_info: OpenJDK 64-Bit Server VM (17.0.9+9-adhoc..jdk17u) for windows-amd64 JRE (17.0.9+9-adhoc..jdk17u), built on Oct 18 2023 11:34:43 by "" with MS VC++ 16.10 / 16.11 (VS2019)

END.
